[17:46:05] [main/INFO] (FabricLoader/GameProvider) Loading Minecraft 1.8.9 with Fabric Loader 0.15.11
[17:46:06] [ForkJoinPool-1-worker-1/WARN] (FabricLoader/Metadata) "fabric.mod.json" from mod essence did not have "schemaVersion" as first field.
[17:46:06] [main/INFO] (FabricLoader) Loading 35 mods:
	- essence 0.0.1
	- fabric-language-kotlin 1.10.14+kotlin.1.9.20
	- fabricloader 0.15.11
	- java 17
	- legacy-fabric-api 1.9.4+1.8.9
	- legacy-fabric-api-base 1.1.0+1.8.9+7c545fdbe239
	- legacy-fabric-api-base-common 1.1.0+7c545fdbe692
	- legacy-fabric-command-api-v1 1.0.0+7c545fdbdb92
	- legacy-fabric-command-api-v2 1.0.1+1.8.9+7c545fdb0039
	- legacy-fabric-crash-report-info-v1 1.0.0+7c545fdb4992
	- legacy-fabric-entity-events-v1 1.0.0+1.8.9+095a57590739
	- legacy-fabric-entity-events-v1-common 1.0.0+095a57593e92
	- legacy-fabric-gamerule-api-v1 1.0.0+7c545fdb4c92
	- legacy-fabric-item-groups-v1 2.0.0+1.8.9+7c545fdbdb39
	- legacy-fabric-item-groups-v1-common 2.0.0+095a57594e92
	- legacy-fabric-keybinding-api-v1 1.0.1+1.8.9+7c545fdb2839
	- legacy-fabric-keybinding-api-v1-common 1.0.1+7c545fdb5992
	- legacy-fabric-lifecycle-events-v1 1.0.1+1.8.9+095a5759f739
	- legacy-fabric-lifecycle-events-v1-common 1.0.1+095a57597c92
	- legacy-fabric-logger-api-v1 1.0.4+7c545fdb7292
	- legacy-fabric-networking-api-v1 2.0.1+1.8.9+7c545fdb1839
	- legacy-fabric-networking-api-v1-common 2.0.1+7c545fdb6192
	- legacy-fabric-permissions-api-v1 1.0.1+1.8.9+7c545fdb7839
	- legacy-fabric-permissions-api-v1-common 1.0.1+7c545fdba792
	- legacy-fabric-registry-sync-api-v1 2.2.0+1.8.9+7c545fdb6e39
	- legacy-fabric-registry-sync-api-v1-common 2.2.0+1c4806cdcb92
	- legacy-fabric-rendering-api-v1 1.0.0+1.8.9+7c545fdbba39
	- legacy-fabric-rendering-api-v1-common 1.0.0+7c545fdb6992
	- legacy-fabric-resource-loader-v1 2.1.1+1.8.9+7c545fdb4d39
	- legacy-fabric-resource-loader-v1-common 2.1.1+7c545fdbf192
	- legacy-lwjgl3 1.0.0
	- minecraft 1.8.9
	- mixinextras 0.3.5
	- modmenu 1.1.0
	- phosphor-legacy 0.1.3+1.8.9
[17:46:08] [main/INFO] (FabricLoader/Mixin) SpongePowered MIXIN Subsystem Version=0.8.5 Source=file:/C:/Users/georg/.gradle/caches/modules-2/files-2.1/net.fabricmc/sponge-mixin/0.13.3+mixin.0.8.5/9527e6b0d2449408958fd1302594dc65ec5ade9c/sponge-mixin-0.13.3+mixin.0.8.5.jar Service=Knot/Fabric Env=CLIENT
[17:46:08] [main/INFO] (FabricLoader/Mixin) Attempting to load Hot-Swap agent
[17:46:08] [main/INFO] (FabricLoader/Mixin) Loaded Fabric development mappings for mixin remapper!
[17:46:10] [main/INFO] (FabricLoader/MixinExtras|Service) Initializing MixinExtras via com.llamalad7.mixinextras.service.MixinExtrasServiceImpl(version=0.3.5).
[17:46:11] [main/INFO] (Minecraft) Setting user: Player0
[17:46:11] [main/INFO] (Minecraft) (Session ID is token:FabricMC:Player0)
[17:46:14] [main/INFO] (LegacyLWJGL3) This is definitely a 100% legit legacy LWJGL2 mod!
[17:46:15] [main/INFO] (Minecraft) LWJGL Version: 3.3.3-snapshot
[17:46:18] [main/INFO] (Minecraft) Reloading ResourceManager: Default, Fabric Loader, Fabric Gamerule API (v1), Legacy Fabric Entity Events (V1), Legacy Fabric Keybinding API (V1), Legacy Fabric Resource Loader (V1) Common, Legacy Fabric Command API (V1), Legacy Fabric API Base, Legacy Fabric Entity Events (V1), Legacy Fabric Logger API (v1), Legacy Fabric Networking API (v1), Legacy Fabric Networking API (v1), Fabric Language Kotlin, Legacy Fabric Lifecycle Events (V1), Phosphor-Legacy, Legacy Fabric Item Groups (V1), Legacy Fabric Permissions API (v1), Legacy Fabric Crash Report Info (v1), Legacy Fabric Item Groups (V1), Legacy Fabric Rendering API (V1), Legacy LWJGL3, Legacy Fabric Registry Sync API (V1), Essence, Legacy Fabric Lifecycle Events (V1), Legacy Fabric Permissions API (v2), Legacy Fabric Registry Sync API (V1), Legacy Fabric API Base Common, Legacy Fabric Command API (v2), Legacy Fabric Resource Loader (V1), Legacy Fabric Rendering API (V1), Mod Menu, ! §5Apocalypse §8[§d128§5x§8].zip
[17:46:18] [main/ERROR] (Minecraft) Couldn't initialize twitch stream
[17:46:18] [Sound Library Loader/INFO] (Minecraft) Starting up SoundSystem...
[17:46:18] [Thread-4/INFO] (Minecraft) Initializing LWJGL OpenAL
[17:46:18] [Thread-4/INFO] (Minecraft) (The LWJGL binding of OpenAL.  For more information, see http://www.lwjgl.org)
[17:46:18] [Thread-4/INFO] (Minecraft) OpenAL initialized.
[17:46:18] [Sound Library Loader/INFO] (Minecraft) Sound engine started
[17:46:21] [main/INFO] (Minecraft) Created: 2048x1024 textures-atlas
[17:46:26] [main/INFO] (LegacyFabricAPI/RegistryRemapper) Remapping registry legacy-fabric-registry-sync-api-v1-common:registry_remappers
[17:46:26] [main/INFO] (LegacyFabricAPI/RegistryRemapper) Remapped 7 entries
[17:46:26] [main/INFO] (LegacyFabricAPI/RegistryRemapper) Remapping registry minecraft:blocks
[17:46:26] [main/INFO] (LegacyFabricAPI/RegistryRemapper) Remapped 198 entries
[17:46:26] [main/INFO] (LegacyFabricAPI/RegistryRemapper) Remapping registry minecraft:status_effects
[17:46:26] [main/INFO] (LegacyFabricAPI/RegistryRemapper) Remapped 23 entries
[17:46:26] [main/INFO] (LegacyFabricAPI/RegistryRemapper) Remapping registry minecraft:enchantments
[17:46:26] [main/INFO] (LegacyFabricAPI/RegistryRemapper) Remapped 25 entries
[17:46:26] [main/INFO] (LegacyFabricAPI/RegistryRemapper) Remapping registry minecraft:items
[17:46:26] [main/INFO] (LegacyFabricAPI/RegistryRemapper) Remapped 337 entries
[17:46:26] [main/INFO] (LegacyFabricAPI/RegistryRemapper) Remapping registry minecraft:biomes
[17:46:26] [main/INFO] (LegacyFabricAPI/RegistryRemapper) Remapped 61 entries
[17:46:26] [main/INFO] (LegacyFabricAPI/RegistryRemapper) Remapping registry minecraft:block_entity_types
[17:46:26] [main/INFO] (LegacyFabricAPI/RegistryRemapper) Remapped 21 entries
[17:46:26] [main/INFO] (LegacyFabricAPI/RegistryRemapper) Remapping registry minecraft:entity_types
[17:46:26] [main/INFO] (LegacyFabricAPI/RegistryRemapper) Remapped 62 entries
[17:46:26] [main/INFO] (LegacyFabricAPI/WorldSaveHandler) [legacy-fabric-registry-sync-api-v1] Loaded registry data [file 1/4]
[17:46:26] [Server thread/INFO] (Minecraft) Starting integrated minecraft server version 1.8.9
[17:46:26] [Server thread/INFO] (Minecraft) Generating keypair
[17:46:26] [Server thread/INFO] (LegacyFabricAPI/RegistryRemapper) Remapping registry legacy-fabric-registry-sync-api-v1-common:registry_remappers
[17:46:26] [Server thread/INFO] (LegacyFabricAPI/RegistryRemapper) Remapped 7 entries
[17:46:26] [Server thread/INFO] (LegacyFabricAPI/RegistryRemapper) Remapping registry minecraft:blocks
[17:46:26] [Server thread/INFO] (LegacyFabricAPI/RegistryRemapper) Remapped 198 entries
[17:46:26] [Server thread/INFO] (LegacyFabricAPI/RegistryRemapper) Remapping registry minecraft:status_effects
[17:46:26] [Server thread/INFO] (LegacyFabricAPI/RegistryRemapper) Remapped 23 entries
[17:46:26] [Server thread/INFO] (LegacyFabricAPI/RegistryRemapper) Remapping registry minecraft:enchantments
[17:46:26] [Server thread/INFO] (LegacyFabricAPI/RegistryRemapper) Remapped 25 entries
[17:46:26] [Server thread/INFO] (LegacyFabricAPI/RegistryRemapper) Remapping registry minecraft:items
[17:46:26] [Server thread/INFO] (LegacyFabricAPI/RegistryRemapper) Remapped 337 entries
[17:46:26] [Server thread/INFO] (LegacyFabricAPI/RegistryRemapper) Remapping registry minecraft:biomes
[17:46:26] [Server thread/INFO] (LegacyFabricAPI/RegistryRemapper) Remapped 61 entries
[17:46:26] [Server thread/INFO] (LegacyFabricAPI/RegistryRemapper) Remapping registry minecraft:block_entity_types
[17:46:26] [Server thread/INFO] (LegacyFabricAPI/RegistryRemapper) Remapped 21 entries
[17:46:26] [Server thread/INFO] (LegacyFabricAPI/RegistryRemapper) Remapping registry minecraft:entity_types
[17:46:26] [Server thread/INFO] (LegacyFabricAPI/RegistryRemapper) Remapped 62 entries
[17:46:26] [Server thread/INFO] (LegacyFabricAPI/WorldSaveHandler) [legacy-fabric-registry-sync-api-v1] Loaded registry data [file 1/4]
[17:46:26] [Server thread/INFO] (Minecraft) Preparing start region for level 0
[17:46:28] [Server thread/INFO] (Minecraft) Changing view distance to 12, from 10
[17:46:28] [Server thread/INFO] (Minecraft) Player0[local:E:dd556a27] logged in with entity id 153 at (-843.4723015593903, 64.0, -198.67926071030377)
[17:46:28] [Server thread/INFO] (Minecraft) Player0 joined the game
[17:46:30] [Server thread/INFO] (Minecraft) Saving and pausing game...
[17:46:30] [Server thread/INFO] (Minecraft) Saving chunks for level 'New World'/Overworld
[17:46:30] [Server thread/INFO] (Minecraft) Saving chunks for level 'New World'/Nether
[17:46:30] [Server thread/INFO] (Minecraft) Saving chunks for level 'New World'/The End
